<?xml version="1.0" encoding="UTF-8"?>
<!-- Generated by org.testng.reporters.JUnitReportReporter -->
<testsuite hostname="DESKTOP-FFQQAKU" failures="0" tests="1" name="test.CreateProject" time="6.328" errors="0" timestamp="2022-07-13T14:06:05 ICT" skipped="0">
  <testcase classname="test.CreateProject" name="Test01_createProject" time="6.328"/>
  <system-out/>
</testsuite> <!-- test.CreateProject -->
