<?xml version="1.0" encoding="UTF-8"?>
<!-- Generated by org.testng.reporters.JUnitReportReporter -->
<testsuite hostname="DESKTOP-FFQQAKU" failures="0" tests="5" name="test.TC_GetAProject" time="5.399" errors="0" timestamp="2022-07-18T10:11:18 ICT" skipped="0">
  <testcase classname="test.TC_GetAProject" name="Test03_getAProjectWithNonExistingToken" time="0.382"/>
  <system-out/>
  <testcase classname="test.TC_GetAProject" name="Test06_getAProjectWithInvalidValueOfIdProject" time="1.658"/>
  <system-out/>
  <testcase classname="test.TC_GetAProject" name="Test04_getAProjectWithExpiredToken" time="0.741"/>
  <system-out/>
  <testcase classname="test.TC_GetAProject" name="Test02_getAProjectWithoutToken" time="0.733"/>
  <system-out/>
  <testcase classname="test.TC_GetAProject" name="Test01_getAProject" time="1.885"/>
  <system-out/>
</testsuite> <!-- test.TC_GetAProject -->
