<?xml version="1.0" encoding="UTF-8"?>
<!-- Generated by org.testng.reporters.JUnitReportReporter -->
<testsuite hostname="DESKTOP-FFQQAKU" failures="0" tests="1" name="test.TC_DeleteProject" time="6.266" errors="0" timestamp="2022-07-18T10:11:18 ICT" skipped="0">
  <testcase classname="test.TC_DeleteProject" name="TC01_DeleteAllProjects" time="6.266"/>
  <system-out/>
</testsuite> <!-- test.TC_DeleteProject -->
